                              1 ;--------------------------------------------------------
                              2 ; File Created by SDCC : free open source ANSI-C Compiler
                              3 ; Version 3.6.8 #9946 (Linux)
                              4 ;--------------------------------------------------------
                              5 	.module calcula_y_c
                              6 	.optsdcc -mz80
                              7 	
                              8 ;--------------------------------------------------------
                              9 ; Public variables in this module
                             10 ;--------------------------------------------------------
                             11 	.globl _calcula_y_c
                             12 	.globl _printf
                             13 	.globl _y_m
                             14 	.globl _y_f
                             15 	.globl _y
                             16 	.globl _new_pvmem
                             17 ;--------------------------------------------------------
                             18 ; special function registers
                             19 ;--------------------------------------------------------
                             20 ;--------------------------------------------------------
                             21 ; ram data
                             22 ;--------------------------------------------------------
                             23 	.area _DATA
   0000                      24 _new_pvmem::
   0000                      25 	.ds 2
   0002                      26 _y::
   0002                      27 	.ds 1
   0003                      28 _y_f::
   0003                      29 	.ds 1
   0004                      30 _y_m::
   0004                      31 	.ds 1
                             32 ;--------------------------------------------------------
                             33 ; ram data
                             34 ;--------------------------------------------------------
                             35 	.area _INITIALIZED
                             36 ;--------------------------------------------------------
                             37 ; absolute external ram data
                             38 ;--------------------------------------------------------
                             39 	.area _DABS (ABS)
                             40 ;--------------------------------------------------------
                             41 ; global & static initialisations
                             42 ;--------------------------------------------------------
                             43 	.area _HOME
                             44 	.area _GSINIT
                             45 	.area _GSFINAL
                             46 	.area _GSINIT
                             47 ;--------------------------------------------------------
                             48 ; Home
                             49 ;--------------------------------------------------------
                             50 	.area _HOME
                             51 	.area _HOME
                             52 ;--------------------------------------------------------
                             53 ; code
                             54 ;--------------------------------------------------------
                             55 	.area _CODE
                             56 ;src/calcula_y_c.c:9: void calcula_y_c(){
                             57 ;	---------------------------------
                             58 ; Function calcula_y_c
                             59 ; ---------------------------------
   0000                      60 _calcula_y_c::
                             61 ;src/calcula_y_c.c:12: new_pvmem=pvmem - 0xc000;
   0000 21r00r00      [10]   62 	ld	hl, #_new_pvmem
   0003 FD 21r00r00   [14]   63 	ld	iy, #_pvmem
   0007 FD 7E 00      [19]   64 	ld	a, 0 (iy)
   000A C6 00         [ 7]   65 	add	a, #0x00
   000C 77            [ 7]   66 	ld	(hl), a
   000D FD 7E 01      [19]   67 	ld	a, 1 (iy)
   0010 CE 40         [ 7]   68 	adc	a, #0x40
   0012 23            [ 6]   69 	inc	hl
   0013 77            [ 7]   70 	ld	(hl), a
                             71 ;src/calcula_y_c.c:13: y=  (new_pvmem/80);
   0014 21 50 00      [10]   72 	ld	hl, #0x0050
   0017 E5            [11]   73 	push	hl
   0018 2Ar00r00      [16]   74 	ld	hl, (_new_pvmem)
   001B E5            [11]   75 	push	hl
   001C CDr00r00      [17]   76 	call	__divuint
   001F F1            [10]   77 	pop	af
   0020 F1            [10]   78 	pop	af
   0021 FD 21r02r00   [14]   79 	ld	iy, #_y
   0025 FD 75 00      [19]   80 	ld	0 (iy), l
                             81 ;src/calcula_y_c.c:14: y_m = y *8;
   0028 FD 7E 00      [19]   82 	ld	a, 0 (iy)
   002B 07            [ 4]   83 	rlca
   002C 07            [ 4]   84 	rlca
   002D 07            [ 4]   85 	rlca
   002E E6 F8         [ 7]   86 	and	a, #0xf8
   0030 32r04r00      [13]   87 	ld	(#_y_m + 0),a
                             88 ;src/calcula_y_c.c:15: y_f = y/8;
   0033 3Ar02r00      [13]   89 	ld	a,(#_y + 0)
   0036 0F            [ 4]   90 	rrca
   0037 0F            [ 4]   91 	rrca
   0038 0F            [ 4]   92 	rrca
   0039 E6 1F         [ 7]   93 	and	a, #0x1f
   003B 32r03r00      [13]   94 	ld	(#_y_f + 0),a
                             95 ;src/calcula_y_c.c:16: printf("PVMEM %X,Despl%X\n",pvmem,new_pvmem);
   003E 2Ar00r00      [16]   96 	ld	hl, (_new_pvmem)
   0041 E5            [11]   97 	push	hl
   0042 2Ar00r00      [16]   98 	ld	hl, (_pvmem)
   0045 E5            [11]   99 	push	hl
   0046 21r6Dr00      [10]  100 	ld	hl, #___str_0
   0049 E5            [11]  101 	push	hl
   004A CDr00r00      [17]  102 	call	_printf
   004D 21 06 00      [10]  103 	ld	hl, #6
   0050 39            [11]  104 	add	hl, sp
   0051 F9            [ 6]  105 	ld	sp, hl
                            106 ;src/calcula_y_c.c:17: printf("INT Y=%d,ROW Y=%d",y_m,y);
   0052 21r02r00      [10]  107 	ld	hl,#_y + 0
   0055 5E            [ 7]  108 	ld	e, (hl)
   0056 16 00         [ 7]  109 	ld	d, #0x00
   0058 21r04r00      [10]  110 	ld	hl,#_y_m + 0
   005B 4E            [ 7]  111 	ld	c, (hl)
   005C 06 00         [ 7]  112 	ld	b, #0x00
   005E D5            [11]  113 	push	de
   005F C5            [11]  114 	push	bc
   0060 21r7Fr00      [10]  115 	ld	hl, #___str_1
   0063 E5            [11]  116 	push	hl
   0064 CDr00r00      [17]  117 	call	_printf
   0067 21 06 00      [10]  118 	ld	hl, #6
   006A 39            [11]  119 	add	hl, sp
   006B F9            [ 6]  120 	ld	sp, hl
   006C C9            [10]  121 	ret
   006D                     122 ___str_0:
   006D 50 56 4D 45 4D 20   123 	.ascii "PVMEM %X,Despl%X"
        25 58 2C 44 65 73
        70 6C 25 58
   007D 0A                  124 	.db 0x0a
   007E 00                  125 	.db 0x00
   007F                     126 ___str_1:
   007F 49 4E 54 20 59 3D   127 	.ascii "INT Y=%d,ROW Y=%d"
        25 64 2C 52 4F 57
        20 59 3D 25 64
   0090 00                  128 	.db 0x00
                            129 	.area _CODE
                            130 	.area _INITIALIZER
                            131 	.area _CABS (ABS)
