                              1 ;--------------------------------------------------------
                              2 ; File Created by SDCC : free open source ANSI-C Compiler
                              3 ; Version 3.6.8 #9946 (Linux)
                              4 ;--------------------------------------------------------
                              5 	.module main
                              6 	.optsdcc -mz80
                              7 	
                              8 ;--------------------------------------------------------
                              9 ; Public variables in this module
                             10 ;--------------------------------------------------------
                             11 	.globl _main
                             12 	.globl _cpct_getScreenPtr
                             13 ;--------------------------------------------------------
                             14 ; special function registers
                             15 ;--------------------------------------------------------
                             16 ;--------------------------------------------------------
                             17 ; ram data
                             18 ;--------------------------------------------------------
                             19 	.area _DATA
                             20 ;--------------------------------------------------------
                             21 ; ram data
                             22 ;--------------------------------------------------------
                             23 	.area _INITIALIZED
                             24 ;--------------------------------------------------------
                             25 ; absolute external ram data
                             26 ;--------------------------------------------------------
                             27 	.area _DABS (ABS)
                             28 ;--------------------------------------------------------
                             29 ; global & static initialisations
                             30 ;--------------------------------------------------------
                             31 	.area _HOME
                             32 	.area _GSINIT
                             33 	.area _GSFINAL
                             34 	.area _GSINIT
                             35 ;--------------------------------------------------------
                             36 ; Home
                             37 ;--------------------------------------------------------
                             38 	.area _HOME
                             39 	.area _HOME
                             40 ;--------------------------------------------------------
                             41 ; code
                             42 ;--------------------------------------------------------
                             43 	.area _CODE
                             44 ;src/main.c:22: void main(void) {
                             45 ;	---------------------------------
                             46 ; Function main
                             47 ; ---------------------------------
   0000                      48 _main::
                             49 ;src/main.c:28: pvmem_c = cpct_getScreenPtr(0xc000,x,y);
   0000 21 14 1E      [10]   50 	ld	hl, #0x1e14
   0003 E5            [11]   51 	push	hl
   0004 21 00 C0      [10]   52 	ld	hl, #0xc000
   0007 E5            [11]   53 	push	hl
   0008 CDr00r00      [17]   54 	call	_cpct_getScreenPtr
   000B 22r00r00      [16]   55 	ld	(_pvmem), hl
                             56 ;src/main.c:30: calcula_y();
   000E CDr00r00      [17]   57 	call	_calcula_y
                             58 ;src/main.c:34: while (1);
   0011                      59 00102$:
   0011 18 FE         [12]   60 	jr	00102$
                             61 	.area _CODE
                             62 	.area _INITIALIZER
                             63 	.area _CABS (ABS)
